no change     /users/clechart/icon-timeseries/tools/miniconda/condabin/conda
no change     /users/clechart/icon-timeseries/tools/miniconda/bin/conda
no change     /users/clechart/icon-timeseries/tools/miniconda/bin/conda-env
no change     /users/clechart/icon-timeseries/tools/miniconda/bin/activate
no change     /users/clechart/icon-timeseries/tools/miniconda/bin/deactivate
no change     /users/clechart/icon-timeseries/tools/miniconda/etc/profile.d/conda.sh
no change     /users/clechart/icon-timeseries/tools/miniconda/etc/fish/conf.d/conda.fish
no change     /users/clechart/icon-timeseries/tools/miniconda/shell/condabin/Conda.psm1
no change     /users/clechart/icon-timeseries/tools/miniconda/shell/condabin/conda-hook.ps1
no change     /users/clechart/icon-timeseries/tools/miniconda/lib/python3.10/site-packages/xontrib/conda.xsh
no change     /users/clechart/icon-timeseries/tools/miniconda/etc/profile.d/conda.csh
no change     /users/clechart/.bashrc
No action taken.
0: searching...
1: searching...
2: searching...
3: searching...
0: Downloading 0 images...
1: Downloading 0 images...
2: Downloading 0 images...
3: Downloading 0 images...
